2025-05-31T14:36:23.834+08:00  INFO 10796 --- [shopping] [main] com.example.demo.ShoppingApplication     : Starting ShoppingApplication using Java 21.0.6 with PID 10796 (D:\SOFT\workstation\shoppingProject\springboot\shopping\target\classes started by USER in D:\SOFT\workstation\shoppingProject\springboot\shopping)
2025-05-31T14:36:23.838+08:00  INFO 10796 --- [shopping] [main] com.example.demo.ShoppingApplication     : No active profile set, falling back to 1 default profile: "default"
2025-05-31T14:36:24.200+08:00  INFO 10796 --- [shopping] [main] .s.d.r.c.RepositoryConfigurationDelegate : Multiple Spring Data modules found, entering strict repository configuration mode
2025-05-31T14:36:24.201+08:00  INFO 10796 --- [shopping] [main] .s.d.r.c.RepositoryConfigurationDelegate : Bootstrapping Spring Data JDBC repositories in DEFAULT mode.
2025-05-31T14:36:24.233+08:00  INFO 10796 --- [shopping] [main] .RepositoryConfigurationExtensionSupport : Spring Data JDBC - Could not safely identify store assignment for repository candidate interface com.example.demo.repository.CartItemRepository; If you want this repository to be a JDBC repository, consider annotating your entities with one of these annotations: org.springframework.data.relational.core.mapping.Table.
2025-05-31T14:36:24.234+08:00  INFO 10796 --- [shopping] [main] .RepositoryConfigurationExtensionSupport : Spring Data JDBC - Could not safely identify store assignment for repository candidate interface com.example.demo.repository.CategoryRepository; If you want this repository to be a JDBC repository, consider annotating your entities with one of these annotations: org.springframework.data.relational.core.mapping.Table.
2025-05-31T14:36:24.235+08:00  INFO 10796 --- [shopping] [main] .RepositoryConfigurationExtensionSupport : Spring Data JDBC - Could not safely identify store assignment for repository candidate interface com.example.demo.repository.LoginLogRepository; If you want this repository to be a JDBC repository, consider annotating your entities with one of these annotations: org.springframework.data.relational.core.mapping.Table.
2025-05-31T14:36:24.236+08:00  INFO 10796 --- [shopping] [main] .RepositoryConfigurationExtensionSupport : Spring Data JDBC - Could not safely identify store assignment for repository candidate interface com.example.demo.repository.OrderRepository; If you want this repository to be a JDBC repository, consider annotating your entities with one of these annotations: org.springframework.data.relational.core.mapping.Table.
2025-05-31T14:36:24.237+08:00  INFO 10796 --- [shopping] [main] .RepositoryConfigurationExtensionSupport : Spring Data JDBC - Could not safely identify store assignment for repository candidate interface com.example.demo.repository.ProductRepository; If you want this repository to be a JDBC repository, consider annotating your entities with one of these annotations: org.springframework.data.relational.core.mapping.Table.
2025-05-31T14:36:24.238+08:00  INFO 10796 --- [shopping] [main] .RepositoryConfigurationExtensionSupport : Spring Data JDBC - Could not safely identify store assignment for repository candidate interface com.example.demo.repository.UserRepository; If you want this repository to be a JDBC repository, consider annotating your entities with one of these annotations: org.springframework.data.relational.core.mapping.Table.
2025-05-31T14:36:24.239+08:00  INFO 10796 --- [shopping] [main] .s.d.r.c.RepositoryConfigurationDelegate : Finished Spring Data repository scanning in 32 ms. Found 0 JDBC repository interfaces.
2025-05-31T14:36:24.246+08:00  INFO 10796 --- [shopping] [main] .s.d.r.c.RepositoryConfigurationDelegate : Multiple Spring Data modules found, entering strict repository configuration mode
2025-05-31T14:36:24.247+08:00  INFO 10796 --- [shopping] [main] .s.d.r.c.RepositoryConfigurationDelegate : Bootstrapping Spring Data JPA repositories in DEFAULT mode.
2025-05-31T14:36:24.272+08:00  INFO 10796 --- [shopping] [main] .s.d.r.c.RepositoryConfigurationDelegate : Finished Spring Data repository scanning in 22 ms. Found 6 JPA repository interfaces.
2025-05-31T14:36:24.575+08:00  INFO 10796 --- [shopping] [main] o.s.b.w.embedded.tomcat.TomcatWebServer  : Tomcat initialized with port 8080 (http)
2025-05-31T14:36:24.586+08:00  INFO 10796 --- [shopping] [main] o.apache.catalina.core.StandardService   : Starting service [Tomcat]
2025-05-31T14:36:24.586+08:00  INFO 10796 --- [shopping] [main] o.apache.catalina.core.StandardEngine    : Starting Servlet engine: [Apache Tomcat/10.1.40]
2025-05-31T14:36:24.618+08:00  INFO 10796 --- [shopping] [main] o.a.c.c.C.[Tomcat].[localhost].[/]       : Initializing Spring embedded WebApplicationContext
2025-05-31T14:36:24.619+08:00  INFO 10796 --- [shopping] [main] w.s.c.ServletWebServerApplicationContext : Root WebApplicationContext: initialization completed in 754 ms
2025-05-31T14:36:24.714+08:00  INFO 10796 --- [shopping] [main] o.hibernate.jpa.internal.util.LogHelper  : HHH000204: Processing PersistenceUnitInfo [name: default]
2025-05-31T14:36:24.742+08:00  INFO 10796 --- [shopping] [main] org.hibernate.Version                    : HHH000412: Hibernate ORM core version 6.6.13.Final
2025-05-31T14:36:24.761+08:00  INFO 10796 --- [shopping] [main] o.h.c.internal.RegionFactoryInitiator    : HHH000026: Second-level cache disabled
2025-05-31T14:36:24.925+08:00  INFO 10796 --- [shopping] [main] o.s.o.j.p.SpringPersistenceUnitInfo      : No LoadTimeWeaver setup: ignoring JPA class transformer
2025-05-31T14:36:24.944+08:00  INFO 10796 --- [shopping] [main] com.zaxxer.hikari.HikariDataSource       : HikariPool-1 - Starting...
2025-05-31T14:36:25.047+08:00  INFO 10796 --- [shopping] [main] com.zaxxer.hikari.pool.HikariPool        : HikariPool-1 - Added connection com.mysql.cj.jdbc.ConnectionImpl@dae5e0
2025-05-31T14:36:25.049+08:00  INFO 10796 --- [shopping] [main] com.zaxxer.hikari.HikariDataSource       : HikariPool-1 - Start completed.
2025-05-31T14:36:25.106+08:00  WARN 10796 --- [shopping] [main] org.hibernate.orm.deprecation            : HHH90000025: MySQL8Dialect does not need to be specified explicitly using 'hibernate.dialect' (remove the property setting and it will be selected by default)
2025-05-31T14:36:25.107+08:00  WARN 10796 --- [shopping] [main] org.hibernate.orm.deprecation            : HHH90000026: MySQL8Dialect has been deprecated; use org.hibernate.dialect.MySQLDialect instead
2025-05-31T14:36:25.119+08:00  INFO 10796 --- [shopping] [main] org.hibernate.orm.connections.pooling    : HHH10001005: Database info:
	Database JDBC URL [Connecting through datasource 'HikariDataSource (HikariPool-1)']
	Database driver: undefined/unknown
	Database version: 8.0
	Autocommit mode: undefined/unknown
	Isolation level: undefined/unknown
	Minimum pool size: undefined/unknown
	Maximum pool size: undefined/unknown
2025-05-31T14:36:25.727+08:00  INFO 10796 --- [shopping] [main] o.h.e.t.j.p.i.JtaPlatformInitiator       : HHH000489: No JTA platform available (set 'hibernate.transaction.jta.platform' to enable JTA platform integration)
2025-05-31T14:36:25.827+08:00  INFO 10796 --- [shopping] [main] j.LocalContainerEntityManagerFactoryBean : Initialized JPA EntityManagerFactory for persistence unit 'default'
2025-05-31T14:36:26.028+08:00  INFO 10796 --- [shopping] [main] o.s.d.j.r.query.QueryEnhancerFactory     : Hibernate is in classpath; If applicable, HQL parser will be used.
2025-05-31T14:36:26.359+08:00  WARN 10796 --- [shopping] [main] JpaBaseConfiguration$JpaWebConfiguration : spring.jpa.open-in-view is enabled by default. Therefore, database queries may be performed during view rendering. Explicitly configure spring.jpa.open-in-view to disable this warning
2025-05-31T14:36:26.643+08:00  INFO 10796 --- [shopping] [main] o.s.b.w.embedded.tomcat.TomcatWebServer  : Tomcat started on port 8080 (http) with context path '/'
2025-05-31T14:36:26.648+08:00  INFO 10796 --- [shopping] [main] com.example.demo.ShoppingApplication     : Started ShoppingApplication in 3.071 seconds (process running for 3.538)
2025-05-31T14:36:30.917+08:00  INFO 10796 --- [shopping] [http-nio-8080-exec-1] o.a.c.c.C.[Tomcat].[localhost].[/]       : Initializing Spring DispatcherServlet 'dispatcherServlet'
2025-05-31T14:36:30.917+08:00  INFO 10796 --- [shopping] [http-nio-8080-exec-1] o.s.web.servlet.DispatcherServlet        : Initializing Servlet 'dispatcherServlet'
2025-05-31T14:36:30.918+08:00  INFO 10796 --- [shopping] [http-nio-8080-exec-1] o.s.web.servlet.DispatcherServlet        : Completed initialization in 1 ms
2025-05-31T14:37:26.436+08:00  INFO 10796 --- [shopping] [RMI TCP Connection(9)-127.0.0.1] inMXBeanRegistrar$SpringApplicationAdmin : Application shutdown requested.
2025-05-31T14:37:26.438+08:00  INFO 10796 --- [shopping] [RMI TCP Connection(9)-127.0.0.1] o.s.b.w.e.tomcat.GracefulShutdown        : Commencing graceful shutdown. Waiting for active requests to complete
2025-05-31T14:37:26.440+08:00  INFO 10796 --- [shopping] [tomcat-shutdown] o.s.b.w.e.tomcat.GracefulShutdown        : Graceful shutdown complete
2025-05-31T14:37:26.443+08:00  INFO 10796 --- [shopping] [RMI TCP Connection(9)-127.0.0.1] j.LocalContainerEntityManagerFactoryBean : Closing JPA EntityManagerFactory for persistence unit 'default'
2025-05-31T14:37:26.444+08:00  INFO 10796 --- [shopping] [RMI TCP Connection(9)-127.0.0.1] com.zaxxer.hikari.HikariDataSource       : HikariPool-1 - Shutdown initiated...
2025-05-31T14:37:26.448+08:00  INFO 10796 --- [shopping] [RMI TCP Connection(9)-127.0.0.1] com.zaxxer.hikari.HikariDataSource       : HikariPool-1 - Shutdown completed.
2025-05-31T14:37:29.945+08:00  INFO 15192 --- [shopping] [main] com.example.demo.ShoppingApplication     : Starting ShoppingApplication using Java 21.0.6 with PID 15192 (D:\SOFT\workstation\shoppingProject\springboot\shopping\target\classes started by USER in D:\SOFT\workstation\shoppingProject\springboot\shopping)
2025-05-31T14:37:29.946+08:00  INFO 15192 --- [shopping] [main] com.example.demo.ShoppingApplication     : No active profile set, falling back to 1 default profile: "default"
2025-05-31T14:37:30.309+08:00  INFO 15192 --- [shopping] [main] .s.d.r.c.RepositoryConfigurationDelegate : Multiple Spring Data modules found, entering strict repository configuration mode
2025-05-31T14:37:30.310+08:00  INFO 15192 --- [shopping] [main] .s.d.r.c.RepositoryConfigurationDelegate : Bootstrapping Spring Data JDBC repositories in DEFAULT mode.
2025-05-31T14:37:30.336+08:00  INFO 15192 --- [shopping] [main] .RepositoryConfigurationExtensionSupport : Spring Data JDBC - Could not safely identify store assignment for repository candidate interface com.example.demo.repository.CartItemRepository; If you want this repository to be a JDBC repository, consider annotating your entities with one of these annotations: org.springframework.data.relational.core.mapping.Table.
2025-05-31T14:37:30.337+08:00  INFO 15192 --- [shopping] [main] .RepositoryConfigurationExtensionSupport : Spring Data JDBC - Could not safely identify store assignment for repository candidate interface com.example.demo.repository.CategoryRepository; If you want this repository to be a JDBC repository, consider annotating your entities with one of these annotations: org.springframework.data.relational.core.mapping.Table.
2025-05-31T14:37:30.338+08:00  INFO 15192 --- [shopping] [main] .RepositoryConfigurationExtensionSupport : Spring Data JDBC - Could not safely identify store assignment for repository candidate interface com.example.demo.repository.LoginLogRepository; If you want this repository to be a JDBC repository, consider annotating your entities with one of these annotations: org.springframework.data.relational.core.mapping.Table.
2025-05-31T14:37:30.340+08:00  INFO 15192 --- [shopping] [main] .RepositoryConfigurationExtensionSupport : Spring Data JDBC - Could not safely identify store assignment for repository candidate interface com.example.demo.repository.OrderRepository; If you want this repository to be a JDBC repository, consider annotating your entities with one of these annotations: org.springframework.data.relational.core.mapping.Table.
2025-05-31T14:37:30.340+08:00  INFO 15192 --- [shopping] [main] .RepositoryConfigurationExtensionSupport : Spring Data JDBC - Could not safely identify store assignment for repository candidate interface com.example.demo.repository.ProductRepository; If you want this repository to be a JDBC repository, consider annotating your entities with one of these annotations: org.springframework.data.relational.core.mapping.Table.
2025-05-31T14:37:30.342+08:00  INFO 15192 --- [shopping] [main] .RepositoryConfigurationExtensionSupport : Spring Data JDBC - Could not safely identify store assignment for repository candidate interface com.example.demo.repository.UserRepository; If you want this repository to be a JDBC repository, consider annotating your entities with one of these annotations: org.springframework.data.relational.core.mapping.Table.
2025-05-31T14:37:30.343+08:00  INFO 15192 --- [shopping] [main] .s.d.r.c.RepositoryConfigurationDelegate : Finished Spring Data repository scanning in 29 ms. Found 0 JDBC repository interfaces.
2025-05-31T14:37:30.356+08:00  INFO 15192 --- [shopping] [main] .s.d.r.c.RepositoryConfigurationDelegate : Multiple Spring Data modules found, entering strict repository configuration mode
2025-05-31T14:37:30.357+08:00  INFO 15192 --- [shopping] [main] .s.d.r.c.RepositoryConfigurationDelegate : Bootstrapping Spring Data JPA repositories in DEFAULT mode.
2025-05-31T14:37:30.385+08:00  INFO 15192 --- [shopping] [main] .s.d.r.c.RepositoryConfigurationDelegate : Finished Spring Data repository scanning in 24 ms. Found 6 JPA repository interfaces.
2025-05-31T14:37:30.667+08:00  INFO 15192 --- [shopping] [main] o.s.b.w.embedded.tomcat.TomcatWebServer  : Tomcat initialized with port 8080 (http)
2025-05-31T14:37:30.677+08:00  INFO 15192 --- [shopping] [main] o.apache.catalina.core.StandardService   : Starting service [Tomcat]
2025-05-31T14:37:30.678+08:00  INFO 15192 --- [shopping] [main] o.apache.catalina.core.StandardEngine    : Starting Servlet engine: [Apache Tomcat/10.1.40]
2025-05-31T14:37:30.709+08:00  INFO 15192 --- [shopping] [main] o.a.c.c.C.[Tomcat].[localhost].[/]       : Initializing Spring embedded WebApplicationContext
2025-05-31T14:37:30.709+08:00  INFO 15192 --- [shopping] [main] w.s.c.ServletWebServerApplicationContext : Root WebApplicationContext: initialization completed in 738 ms
2025-05-31T14:37:30.806+08:00  INFO 15192 --- [shopping] [main] o.hibernate.jpa.internal.util.LogHelper  : HHH000204: Processing PersistenceUnitInfo [name: default]
2025-05-31T14:37:30.833+08:00  INFO 15192 --- [shopping] [main] org.hibernate.Version                    : HHH000412: Hibernate ORM core version 6.6.13.Final
2025-05-31T14:37:30.852+08:00  INFO 15192 --- [shopping] [main] o.h.c.internal.RegionFactoryInitiator    : HHH000026: Second-level cache disabled
2025-05-31T14:37:31.016+08:00  INFO 15192 --- [shopping] [main] o.s.o.j.p.SpringPersistenceUnitInfo      : No LoadTimeWeaver setup: ignoring JPA class transformer
2025-05-31T14:37:31.034+08:00  INFO 15192 --- [shopping] [main] com.zaxxer.hikari.HikariDataSource       : HikariPool-1 - Starting...
2025-05-31T14:37:31.132+08:00  INFO 15192 --- [shopping] [main] com.zaxxer.hikari.pool.HikariPool        : HikariPool-1 - Added connection com.mysql.cj.jdbc.ConnectionImpl@2c815fdc
2025-05-31T14:37:31.134+08:00  INFO 15192 --- [shopping] [main] com.zaxxer.hikari.HikariDataSource       : HikariPool-1 - Start completed.
2025-05-31T14:37:31.162+08:00  WARN 15192 --- [shopping] [main] org.hibernate.orm.deprecation            : HHH90000025: MySQL8Dialect does not need to be specified explicitly using 'hibernate.dialect' (remove the property setting and it will be selected by default)
2025-05-31T14:37:31.162+08:00  WARN 15192 --- [shopping] [main] org.hibernate.orm.deprecation            : HHH90000026: MySQL8Dialect has been deprecated; use org.hibernate.dialect.MySQLDialect instead
2025-05-31T14:37:31.172+08:00  INFO 15192 --- [shopping] [main] org.hibernate.orm.connections.pooling    : HHH10001005: Database info:
	Database JDBC URL [Connecting through datasource 'HikariDataSource (HikariPool-1)']
	Database driver: undefined/unknown
	Database version: 8.0
	Autocommit mode: undefined/unknown
	Isolation level: undefined/unknown
	Minimum pool size: undefined/unknown
	Maximum pool size: undefined/unknown
2025-05-31T14:37:31.757+08:00  INFO 15192 --- [shopping] [main] o.h.e.t.j.p.i.JtaPlatformInitiator       : HHH000489: No JTA platform available (set 'hibernate.transaction.jta.platform' to enable JTA platform integration)
2025-05-31T14:37:31.817+08:00  INFO 15192 --- [shopping] [main] j.LocalContainerEntityManagerFactoryBean : Initialized JPA EntityManagerFactory for persistence unit 'default'
2025-05-31T14:37:32.008+08:00  INFO 15192 --- [shopping] [main] o.s.d.j.r.query.QueryEnhancerFactory     : Hibernate is in classpath; If applicable, HQL parser will be used.
2025-05-31T14:37:32.325+08:00  WARN 15192 --- [shopping] [main] JpaBaseConfiguration$JpaWebConfiguration : spring.jpa.open-in-view is enabled by default. Therefore, database queries may be performed during view rendering. Explicitly configure spring.jpa.open-in-view to disable this warning
2025-05-31T14:37:32.597+08:00  INFO 15192 --- [shopping] [main] o.s.b.w.embedded.tomcat.TomcatWebServer  : Tomcat started on port 8080 (http) with context path '/'
2025-05-31T14:37:32.602+08:00  INFO 15192 --- [shopping] [main] com.example.demo.ShoppingApplication     : Started ShoppingApplication in 2.906 seconds (process running for 3.277)
2025-05-31T14:38:02.437+08:00  INFO 15192 --- [shopping] [RMI TCP Connection(8)-127.0.0.1] inMXBeanRegistrar$SpringApplicationAdmin : Application shutdown requested.
2025-05-31T14:38:02.438+08:00  INFO 15192 --- [shopping] [RMI TCP Connection(8)-127.0.0.1] o.s.b.w.e.tomcat.GracefulShutdown        : Commencing graceful shutdown. Waiting for active requests to complete
2025-05-31T14:38:02.441+08:00  INFO 15192 --- [shopping] [tomcat-shutdown] o.s.b.w.e.tomcat.GracefulShutdown        : Graceful shutdown complete
2025-05-31T14:38:02.444+08:00  INFO 15192 --- [shopping] [RMI TCP Connection(8)-127.0.0.1] j.LocalContainerEntityManagerFactoryBean : Closing JPA EntityManagerFactory for persistence unit 'default'
2025-05-31T14:38:02.446+08:00  INFO 15192 --- [shopping] [RMI TCP Connection(8)-127.0.0.1] com.zaxxer.hikari.HikariDataSource       : HikariPool-1 - Shutdown initiated...
2025-05-31T14:38:02.451+08:00  INFO 15192 --- [shopping] [RMI TCP Connection(8)-127.0.0.1] com.zaxxer.hikari.HikariDataSource       : HikariPool-1 - Shutdown completed.
2025-05-31T14:50:17.632+08:00  INFO 10368 --- [shopping] [main] com.example.demo.ShoppingApplication     : Starting ShoppingApplication using Java 21.0.6 with PID 10368 (D:\SOFT\workstation\shoppingProject\springboot\shopping\target\classes started by USER in D:\SOFT\workstation\shoppingProject\springboot\shopping)
2025-05-31T14:50:17.634+08:00  INFO 10368 --- [shopping] [main] com.example.demo.ShoppingApplication     : No active profile set, falling back to 1 default profile: "default"
2025-05-31T14:50:18.078+08:00  INFO 10368 --- [shopping] [main] .s.d.r.c.RepositoryConfigurationDelegate : Multiple Spring Data modules found, entering strict repository configuration mode
2025-05-31T14:50:18.079+08:00  INFO 10368 --- [shopping] [main] .s.d.r.c.RepositoryConfigurationDelegate : Bootstrapping Spring Data JDBC repositories in DEFAULT mode.
2025-05-31T14:50:18.108+08:00  INFO 10368 --- [shopping] [main] .RepositoryConfigurationExtensionSupport : Spring Data JDBC - Could not safely identify store assignment for repository candidate interface com.example.demo.repository.CartItemRepository; If you want this repository to be a JDBC repository, consider annotating your entities with one of these annotations: org.springframework.data.relational.core.mapping.Table.
2025-05-31T14:50:18.109+08:00  INFO 10368 --- [shopping] [main] .RepositoryConfigurationExtensionSupport : Spring Data JDBC - Could not safely identify store assignment for repository candidate interface com.example.demo.repository.CategoryRepository; If you want this repository to be a JDBC repository, consider annotating your entities with one of these annotations: org.springframework.data.relational.core.mapping.Table.
2025-05-31T14:50:18.110+08:00  INFO 10368 --- [shopping] [main] .RepositoryConfigurationExtensionSupport : Spring Data JDBC - Could not safely identify store assignment for repository candidate interface com.example.demo.repository.LoginLogRepository; If you want this repository to be a JDBC repository, consider annotating your entities with one of these annotations: org.springframework.data.relational.core.mapping.Table.
2025-05-31T14:50:18.111+08:00  INFO 10368 --- [shopping] [main] .RepositoryConfigurationExtensionSupport : Spring Data JDBC - Could not safely identify store assignment for repository candidate interface com.example.demo.repository.OrderRepository; If you want this repository to be a JDBC repository, consider annotating your entities with one of these annotations: org.springframework.data.relational.core.mapping.Table.
2025-05-31T14:50:18.112+08:00  INFO 10368 --- [shopping] [main] .RepositoryConfigurationExtensionSupport : Spring Data JDBC - Could not safely identify store assignment for repository candidate interface com.example.demo.repository.ProductRepository; If you want this repository to be a JDBC repository, consider annotating your entities with one of these annotations: org.springframework.data.relational.core.mapping.Table.
2025-05-31T14:50:18.121+08:00  INFO 10368 --- [shopping] [main] .RepositoryConfigurationExtensionSupport : Spring Data JDBC - Could not safely identify store assignment for repository candidate interface com.example.demo.repository.UserRepository; If you want this repository to be a JDBC repository, consider annotating your entities with one of these annotations: org.springframework.data.relational.core.mapping.Table.
2025-05-31T14:50:18.122+08:00  INFO 10368 --- [shopping] [main] .s.d.r.c.RepositoryConfigurationDelegate : Finished Spring Data repository scanning in 37 ms. Found 0 JDBC repository interfaces.
2025-05-31T14:50:18.130+08:00  INFO 10368 --- [shopping] [main] .s.d.r.c.RepositoryConfigurationDelegate : Multiple Spring Data modules found, entering strict repository configuration mode
2025-05-31T14:50:18.131+08:00  INFO 10368 --- [shopping] [main] .s.d.r.c.RepositoryConfigurationDelegate : Bootstrapping Spring Data JPA repositories in DEFAULT mode.
2025-05-31T14:50:18.161+08:00  INFO 10368 --- [shopping] [main] .s.d.r.c.RepositoryConfigurationDelegate : Finished Spring Data repository scanning in 26 ms. Found 6 JPA repository interfaces.
2025-05-31T14:50:18.510+08:00  INFO 10368 --- [shopping] [main] o.s.b.w.embedded.tomcat.TomcatWebServer  : Tomcat initialized with port 8080 (http)
2025-05-31T14:50:18.521+08:00  INFO 10368 --- [shopping] [main] o.apache.catalina.core.StandardService   : Starting service [Tomcat]
2025-05-31T14:50:18.522+08:00  INFO 10368 --- [shopping] [main] o.apache.catalina.core.StandardEngine    : Starting Servlet engine: [Apache Tomcat/10.1.40]
2025-05-31T14:50:18.555+08:00  INFO 10368 --- [shopping] [main] o.a.c.c.C.[Tomcat].[localhost].[/]       : Initializing Spring embedded WebApplicationContext
2025-05-31T14:50:18.556+08:00  INFO 10368 --- [shopping] [main] w.s.c.ServletWebServerApplicationContext : Root WebApplicationContext: initialization completed in 894 ms
2025-05-31T14:50:18.673+08:00  INFO 10368 --- [shopping] [main] o.hibernate.jpa.internal.util.LogHelper  : HHH000204: Processing PersistenceUnitInfo [name: default]
2025-05-31T14:50:18.705+08:00  INFO 10368 --- [shopping] [main] org.hibernate.Version                    : HHH000412: Hibernate ORM core version 6.6.13.Final
2025-05-31T14:50:18.727+08:00  INFO 10368 --- [shopping] [main] o.h.c.internal.RegionFactoryInitiator    : HHH000026: Second-level cache disabled
2025-05-31T14:50:18.916+08:00  INFO 10368 --- [shopping] [main] o.s.o.j.p.SpringPersistenceUnitInfo      : No LoadTimeWeaver setup: ignoring JPA class transformer
2025-05-31T14:50:18.942+08:00  INFO 10368 --- [shopping] [main] com.zaxxer.hikari.HikariDataSource       : HikariPool-1 - Starting...
2025-05-31T14:50:19.061+08:00  INFO 10368 --- [shopping] [main] com.zaxxer.hikari.pool.HikariPool        : HikariPool-1 - Added connection com.mysql.cj.jdbc.ConnectionImpl@34cb0e49
2025-05-31T14:50:19.063+08:00  INFO 10368 --- [shopping] [main] com.zaxxer.hikari.HikariDataSource       : HikariPool-1 - Start completed.
2025-05-31T14:50:19.097+08:00  WARN 10368 --- [shopping] [main] org.hibernate.orm.deprecation            : HHH90000025: MySQL8Dialect does not need to be specified explicitly using 'hibernate.dialect' (remove the property setting and it will be selected by default)
2025-05-31T14:50:19.097+08:00  WARN 10368 --- [shopping] [main] org.hibernate.orm.deprecation            : HHH90000026: MySQL8Dialect has been deprecated; use org.hibernate.dialect.MySQLDialect instead
2025-05-31T14:50:19.110+08:00  INFO 10368 --- [shopping] [main] org.hibernate.orm.connections.pooling    : HHH10001005: Database info:
	Database JDBC URL [Connecting through datasource 'HikariDataSource (HikariPool-1)']
	Database driver: undefined/unknown
	Database version: 8.0
	Autocommit mode: undefined/unknown
	Isolation level: undefined/unknown
	Minimum pool size: undefined/unknown
	Maximum pool size: undefined/unknown
2025-05-31T14:50:19.799+08:00  INFO 10368 --- [shopping] [main] o.h.e.t.j.p.i.JtaPlatformInitiator       : HHH000489: No JTA platform available (set 'hibernate.transaction.jta.platform' to enable JTA platform integration)
2025-05-31T14:50:19.870+08:00  INFO 10368 --- [shopping] [main] j.LocalContainerEntityManagerFactoryBean : Initialized JPA EntityManagerFactory for persistence unit 'default'
2025-05-31T14:50:20.095+08:00  INFO 10368 --- [shopping] [main] o.s.d.j.r.query.QueryEnhancerFactory     : Hibernate is in classpath; If applicable, HQL parser will be used.
2025-05-31T14:50:20.465+08:00  WARN 10368 --- [shopping] [main] JpaBaseConfiguration$JpaWebConfiguration : spring.jpa.open-in-view is enabled by default. Therefore, database queries may be performed during view rendering. Explicitly configure spring.jpa.open-in-view to disable this warning
2025-05-31T14:50:20.821+08:00  INFO 10368 --- [shopping] [main] o.s.b.w.embedded.tomcat.TomcatWebServer  : Tomcat started on port 8080 (http) with context path '/'
2025-05-31T14:50:20.827+08:00  INFO 10368 --- [shopping] [main] com.example.demo.ShoppingApplication     : Started ShoppingApplication in 3.488 seconds (process running for 3.958)
2025-05-31T14:53:02.317+08:00  INFO 10368 --- [shopping] [RMI TCP Connection(12)-127.0.0.1] inMXBeanRegistrar$SpringApplicationAdmin : Application shutdown requested.
2025-05-31T14:53:02.319+08:00  INFO 10368 --- [shopping] [RMI TCP Connection(12)-127.0.0.1] o.s.b.w.e.tomcat.GracefulShutdown        : Commencing graceful shutdown. Waiting for active requests to complete
2025-05-31T14:53:02.322+08:00  INFO 10368 --- [shopping] [tomcat-shutdown] o.s.b.w.e.tomcat.GracefulShutdown        : Graceful shutdown complete
2025-05-31T14:53:02.324+08:00  INFO 10368 --- [shopping] [RMI TCP Connection(12)-127.0.0.1] j.LocalContainerEntityManagerFactoryBean : Closing JPA EntityManagerFactory for persistence unit 'default'
2025-05-31T14:53:02.325+08:00  INFO 10368 --- [shopping] [RMI TCP Connection(12)-127.0.0.1] com.zaxxer.hikari.HikariDataSource       : HikariPool-1 - Shutdown initiated...
2025-05-31T14:53:02.330+08:00  INFO 10368 --- [shopping] [RMI TCP Connection(12)-127.0.0.1] com.zaxxer.hikari.HikariDataSource       : HikariPool-1 - Shutdown completed.
2025-05-31T14:53:06.269+08:00  INFO 15192 --- [shopping] [main] com.example.demo.ShoppingApplication     : Starting ShoppingApplication using Java 21.0.6 with PID 15192 (D:\SOFT\workstation\shoppingProject\springboot\shopping\target\classes started by USER in D:\SOFT\workstation\shoppingProject\springboot\shopping)
2025-05-31T14:53:06.270+08:00  INFO 15192 --- [shopping] [main] com.example.demo.ShoppingApplication     : No active profile set, falling back to 1 default profile: "default"
2025-05-31T14:53:06.639+08:00  INFO 15192 --- [shopping] [main] .s.d.r.c.RepositoryConfigurationDelegate : Multiple Spring Data modules found, entering strict repository configuration mode
2025-05-31T14:53:06.640+08:00  INFO 15192 --- [shopping] [main] .s.d.r.c.RepositoryConfigurationDelegate : Bootstrapping Spring Data JDBC repositories in DEFAULT mode.
2025-05-31T14:53:06.669+08:00  INFO 15192 --- [shopping] [main] .RepositoryConfigurationExtensionSupport : Spring Data JDBC - Could not safely identify store assignment for repository candidate interface com.example.demo.repository.CartItemRepository; If you want this repository to be a JDBC repository, consider annotating your entities with one of these annotations: org.springframework.data.relational.core.mapping.Table.
2025-05-31T14:53:06.670+08:00  INFO 15192 --- [shopping] [main] .RepositoryConfigurationExtensionSupport : Spring Data JDBC - Could not safely identify store assignment for repository candidate interface com.example.demo.repository.CategoryRepository; If you want this repository to be a JDBC repository, consider annotating your entities with one of these annotations: org.springframework.data.relational.core.mapping.Table.
2025-05-31T14:53:06.671+08:00  INFO 15192 --- [shopping] [main] .RepositoryConfigurationExtensionSupport : Spring Data JDBC - Could not safely identify store assignment for repository candidate interface com.example.demo.repository.LoginLogRepository; If you want this repository to be a JDBC repository, consider annotating your entities with one of these annotations: org.springframework.data.relational.core.mapping.Table.
2025-05-31T14:53:06.672+08:00  INFO 15192 --- [shopping] [main] .RepositoryConfigurationExtensionSupport : Spring Data JDBC - Could not safely identify store assignment for repository candidate interface com.example.demo.repository.OrderRepository; If you want this repository to be a JDBC repository, consider annotating your entities with one of these annotations: org.springframework.data.relational.core.mapping.Table.
2025-05-31T14:53:06.673+08:00  INFO 15192 --- [shopping] [main] .RepositoryConfigurationExtensionSupport : Spring Data JDBC - Could not safely identify store assignment for repository candidate interface com.example.demo.repository.ProductRepository; If you want this repository to be a JDBC repository, consider annotating your entities with one of these annotations: org.springframework.data.relational.core.mapping.Table.
2025-05-31T14:53:06.674+08:00  INFO 15192 --- [shopping] [main] .RepositoryConfigurationExtensionSupport : Spring Data JDBC - Could not safely identify store assignment for repository candidate interface com.example.demo.repository.UserRepository; If you want this repository to be a JDBC repository, consider annotating your entities with one of these annotations: org.springframework.data.relational.core.mapping.Table.
2025-05-31T14:53:06.674+08:00  INFO 15192 --- [shopping] [main] .s.d.r.c.RepositoryConfigurationDelegate : Finished Spring Data repository scanning in 30 ms. Found 0 JDBC repository interfaces.
2025-05-31T14:53:06.681+08:00  INFO 15192 --- [shopping] [main] .s.d.r.c.RepositoryConfigurationDelegate : Multiple Spring Data modules found, entering strict repository configuration mode
2025-05-31T14:53:06.681+08:00  INFO 15192 --- [shopping] [main] .s.d.r.c.RepositoryConfigurationDelegate : Bootstrapping Spring Data JPA repositories in DEFAULT mode.
2025-05-31T14:53:06.706+08:00  INFO 15192 --- [shopping] [main] .s.d.r.c.RepositoryConfigurationDelegate : Finished Spring Data repository scanning in 21 ms. Found 6 JPA repository interfaces.
2025-05-31T14:53:06.984+08:00  INFO 15192 --- [shopping] [main] o.s.b.w.embedded.tomcat.TomcatWebServer  : Tomcat initialized with port 8080 (http)
2025-05-31T14:53:06.995+08:00  INFO 15192 --- [shopping] [main] o.apache.catalina.core.StandardService   : Starting service [Tomcat]
2025-05-31T14:53:06.995+08:00  INFO 15192 --- [shopping] [main] o.apache.catalina.core.StandardEngine    : Starting Servlet engine: [Apache Tomcat/10.1.40]
2025-05-31T14:53:07.025+08:00  INFO 15192 --- [shopping] [main] o.a.c.c.C.[Tomcat].[localhost].[/]       : Initializing Spring embedded WebApplicationContext
2025-05-31T14:53:07.026+08:00  INFO 15192 --- [shopping] [main] w.s.c.ServletWebServerApplicationContext : Root WebApplicationContext: initialization completed in 729 ms
2025-05-31T14:53:07.123+08:00  INFO 15192 --- [shopping] [main] o.hibernate.jpa.internal.util.LogHelper  : HHH000204: Processing PersistenceUnitInfo [name: default]
2025-05-31T14:53:07.155+08:00  INFO 15192 --- [shopping] [main] org.hibernate.Version                    : HHH000412: Hibernate ORM core version 6.6.13.Final
2025-05-31T14:53:07.175+08:00  INFO 15192 --- [shopping] [main] o.h.c.internal.RegionFactoryInitiator    : HHH000026: Second-level cache disabled
2025-05-31T14:53:07.344+08:00  INFO 15192 --- [shopping] [main] o.s.o.j.p.SpringPersistenceUnitInfo      : No LoadTimeWeaver setup: ignoring JPA class transformer
2025-05-31T14:53:07.361+08:00  INFO 15192 --- [shopping] [main] com.zaxxer.hikari.HikariDataSource       : HikariPool-1 - Starting...
2025-05-31T14:53:07.464+08:00  INFO 15192 --- [shopping] [main] com.zaxxer.hikari.pool.HikariPool        : HikariPool-1 - Added connection com.mysql.cj.jdbc.ConnectionImpl@55071497
2025-05-31T14:53:07.465+08:00  INFO 15192 --- [shopping] [main] com.zaxxer.hikari.HikariDataSource       : HikariPool-1 - Start completed.
2025-05-31T14:53:07.497+08:00  WARN 15192 --- [shopping] [main] org.hibernate.orm.deprecation            : HHH90000025: MySQL8Dialect does not need to be specified explicitly using 'hibernate.dialect' (remove the property setting and it will be selected by default)
2025-05-31T14:53:07.497+08:00  WARN 15192 --- [shopping] [main] org.hibernate.orm.deprecation            : HHH90000026: MySQL8Dialect has been deprecated; use org.hibernate.dialect.MySQLDialect instead
2025-05-31T14:53:07.508+08:00  INFO 15192 --- [shopping] [main] org.hibernate.orm.connections.pooling    : HHH10001005: Database info:
	Database JDBC URL [Connecting through datasource 'HikariDataSource (HikariPool-1)']
	Database driver: undefined/unknown
	Database version: 8.0
	Autocommit mode: undefined/unknown
	Isolation level: undefined/unknown
	Minimum pool size: undefined/unknown
	Maximum pool size: undefined/unknown
2025-05-31T14:53:08.143+08:00  INFO 15192 --- [shopping] [main] o.h.e.t.j.p.i.JtaPlatformInitiator       : HHH000489: No JTA platform available (set 'hibernate.transaction.jta.platform' to enable JTA platform integration)
2025-05-31T14:53:08.205+08:00  INFO 15192 --- [shopping] [main] j.LocalContainerEntityManagerFactoryBean : Initialized JPA EntityManagerFactory for persistence unit 'default'
2025-05-31T14:53:08.415+08:00  INFO 15192 --- [shopping] [main] o.s.d.j.r.query.QueryEnhancerFactory     : Hibernate is in classpath; If applicable, HQL parser will be used.
2025-05-31T14:53:08.780+08:00  WARN 15192 --- [shopping] [main] JpaBaseConfiguration$JpaWebConfiguration : spring.jpa.open-in-view is enabled by default. Therefore, database queries may be performed during view rendering. Explicitly configure spring.jpa.open-in-view to disable this warning
2025-05-31T14:53:09.099+08:00  INFO 15192 --- [shopping] [main] o.s.b.w.embedded.tomcat.TomcatWebServer  : Tomcat started on port 8080 (http) with context path '/'
2025-05-31T14:53:09.105+08:00  INFO 15192 --- [shopping] [main] com.example.demo.ShoppingApplication     : Started ShoppingApplication in 3.09 seconds (process running for 3.481)
2025-05-31T14:53:10.650+08:00  INFO 15192 --- [shopping] [RMI TCP Connection(7)-127.0.0.1] inMXBeanRegistrar$SpringApplicationAdmin : Application shutdown requested.
2025-05-31T14:53:10.651+08:00  INFO 15192 --- [shopping] [RMI TCP Connection(7)-127.0.0.1] o.s.b.w.e.tomcat.GracefulShutdown        : Commencing graceful shutdown. Waiting for active requests to complete
2025-05-31T14:53:10.655+08:00  INFO 15192 --- [shopping] [tomcat-shutdown] o.s.b.w.e.tomcat.GracefulShutdown        : Graceful shutdown complete
2025-05-31T14:53:10.659+08:00  INFO 15192 --- [shopping] [RMI TCP Connection(7)-127.0.0.1] j.LocalContainerEntityManagerFactoryBean : Closing JPA EntityManagerFactory for persistence unit 'default'
2025-05-31T14:53:10.660+08:00  INFO 15192 --- [shopping] [RMI TCP Connection(7)-127.0.0.1] com.zaxxer.hikari.HikariDataSource       : HikariPool-1 - Shutdown initiated...
2025-05-31T14:53:10.666+08:00  INFO 15192 --- [shopping] [RMI TCP Connection(7)-127.0.0.1] com.zaxxer.hikari.HikariDataSource       : HikariPool-1 - Shutdown completed.
2025-05-31T14:58:27.721+08:00  INFO 11788 --- [shopping] [main] com.example.demo.ShoppingApplication     : Starting ShoppingApplication using Java 21.0.6 with PID 11788 (D:\SOFT\workstation\shoppingProject\springboot\shopping\target\classes started by USER in D:\SOFT\workstation\shoppingProject\springboot\shopping)
2025-05-31T14:58:27.722+08:00  INFO 11788 --- [shopping] [main] com.example.demo.ShoppingApplication     : No active profile set, falling back to 1 default profile: "default"
2025-05-31T14:58:28.088+08:00  INFO 11788 --- [shopping] [main] .s.d.r.c.RepositoryConfigurationDelegate : Multiple Spring Data modules found, entering strict repository configuration mode
2025-05-31T14:58:28.089+08:00  INFO 11788 --- [shopping] [main] .s.d.r.c.RepositoryConfigurationDelegate : Bootstrapping Spring Data JDBC repositories in DEFAULT mode.
2025-05-31T14:58:28.113+08:00  INFO 11788 --- [shopping] [main] .RepositoryConfigurationExtensionSupport : Spring Data JDBC - Could not safely identify store assignment for repository candidate interface com.example.demo.repository.CartItemRepository; If you want this repository to be a JDBC repository, consider annotating your entities with one of these annotations: org.springframework.data.relational.core.mapping.Table.
2025-05-31T14:58:28.113+08:00  INFO 11788 --- [shopping] [main] .RepositoryConfigurationExtensionSupport : Spring Data JDBC - Could not safely identify store assignment for repository candidate interface com.example.demo.repository.CategoryRepository; If you want this repository to be a JDBC repository, consider annotating your entities with one of these annotations: org.springframework.data.relational.core.mapping.Table.
2025-05-31T14:58:28.114+08:00  INFO 11788 --- [shopping] [main] .RepositoryConfigurationExtensionSupport : Spring Data JDBC - Could not safely identify store assignment for repository candidate interface com.example.demo.repository.LoginLogRepository; If you want this repository to be a JDBC repository, consider annotating your entities with one of these annotations: org.springframework.data.relational.core.mapping.Table.
2025-05-31T14:58:28.115+08:00  INFO 11788 --- [shopping] [main] .RepositoryConfigurationExtensionSupport : Spring Data JDBC - Could not safely identify store assignment for repository candidate interface com.example.demo.repository.OrderRepository; If you want this repository to be a JDBC repository, consider annotating your entities with one of these annotations: org.springframework.data.relational.core.mapping.Table.
2025-05-31T14:58:28.123+08:00  INFO 11788 --- [shopping] [main] .RepositoryConfigurationExtensionSupport : Spring Data JDBC - Could not safely identify store assignment for repository candidate interface com.example.demo.repository.ProductRepository; If you want this repository to be a JDBC repository, consider annotating your entities with one of these annotations: org.springframework.data.relational.core.mapping.Table.
2025-05-31T14:58:28.124+08:00  INFO 11788 --- [shopping] [main] .RepositoryConfigurationExtensionSupport : Spring Data JDBC - Could not safely identify store assignment for repository candidate interface com.example.demo.repository.UserRepository; If you want this repository to be a JDBC repository, consider annotating your entities with one of these annotations: org.springframework.data.relational.core.mapping.Table.
2025-05-31T14:58:28.125+08:00  INFO 11788 --- [shopping] [main] .s.d.r.c.RepositoryConfigurationDelegate : Finished Spring Data repository scanning in 32 ms. Found 0 JDBC repository interfaces.
2025-05-31T14:58:28.132+08:00  INFO 11788 --- [shopping] [main] .s.d.r.c.RepositoryConfigurationDelegate : Multiple Spring Data modules found, entering strict repository configuration mode
2025-05-31T14:58:28.133+08:00  INFO 11788 --- [shopping] [main] .s.d.r.c.RepositoryConfigurationDelegate : Bootstrapping Spring Data JPA repositories in DEFAULT mode.
2025-05-31T14:58:28.158+08:00  INFO 11788 --- [shopping] [main] .s.d.r.c.RepositoryConfigurationDelegate : Finished Spring Data repository scanning in 21 ms. Found 6 JPA repository interfaces.
2025-05-31T14:58:28.481+08:00  INFO 11788 --- [shopping] [main] o.s.b.w.embedded.tomcat.TomcatWebServer  : Tomcat initialized with port 8080 (http)
2025-05-31T14:58:28.491+08:00  INFO 11788 --- [shopping] [main] o.apache.catalina.core.StandardService   : Starting service [Tomcat]
2025-05-31T14:58:28.492+08:00  INFO 11788 --- [shopping] [main] o.apache.catalina.core.StandardEngine    : Starting Servlet engine: [Apache Tomcat/10.1.40]
2025-05-31T14:58:28.522+08:00  INFO 11788 --- [shopping] [main] o.a.c.c.C.[Tomcat].[localhost].[/]       : Initializing Spring embedded WebApplicationContext
2025-05-31T14:58:28.523+08:00  INFO 11788 --- [shopping] [main] w.s.c.ServletWebServerApplicationContext : Root WebApplicationContext: initialization completed in 775 ms
2025-05-31T14:58:28.624+08:00  INFO 11788 --- [shopping] [main] o.hibernate.jpa.internal.util.LogHelper  : HHH000204: Processing PersistenceUnitInfo [name: default]
2025-05-31T14:58:28.659+08:00  INFO 11788 --- [shopping] [main] org.hibernate.Version                    : HHH000412: Hibernate ORM core version 6.6.13.Final
2025-05-31T14:58:28.680+08:00  INFO 11788 --- [shopping] [main] o.h.c.internal.RegionFactoryInitiator    : HHH000026: Second-level cache disabled
2025-05-31T14:58:28.842+08:00  INFO 11788 --- [shopping] [main] o.s.o.j.p.SpringPersistenceUnitInfo      : No LoadTimeWeaver setup: ignoring JPA class transformer
2025-05-31T14:58:28.861+08:00  INFO 11788 --- [shopping] [main] com.zaxxer.hikari.HikariDataSource       : HikariPool-1 - Starting...
2025-05-31T14:58:28.964+08:00  INFO 11788 --- [shopping] [main] com.zaxxer.hikari.pool.HikariPool        : HikariPool-1 - Added connection com.mysql.cj.jdbc.ConnectionImpl@2a667f44
2025-05-31T14:58:28.966+08:00  INFO 11788 --- [shopping] [main] com.zaxxer.hikari.HikariDataSource       : HikariPool-1 - Start completed.
2025-05-31T14:58:28.996+08:00  WARN 11788 --- [shopping] [main] org.hibernate.orm.deprecation            : HHH90000025: MySQL8Dialect does not need to be specified explicitly using 'hibernate.dialect' (remove the property setting and it will be selected by default)
2025-05-31T14:58:28.997+08:00  WARN 11788 --- [shopping] [main] org.hibernate.orm.deprecation            : HHH90000026: MySQL8Dialect has been deprecated; use org.hibernate.dialect.MySQLDialect instead
2025-05-31T14:58:29.009+08:00  INFO 11788 --- [shopping] [main] org.hibernate.orm.connections.pooling    : HHH10001005: Database info:
	Database JDBC URL [Connecting through datasource 'HikariDataSource (HikariPool-1)']
	Database driver: undefined/unknown
	Database version: 8.0
	Autocommit mode: undefined/unknown
	Isolation level: undefined/unknown
	Minimum pool size: undefined/unknown
	Maximum pool size: undefined/unknown
2025-05-31T14:58:29.634+08:00  INFO 11788 --- [shopping] [main] o.h.e.t.j.p.i.JtaPlatformInitiator       : HHH000489: No JTA platform available (set 'hibernate.transaction.jta.platform' to enable JTA platform integration)
2025-05-31T14:58:29.697+08:00  INFO 11788 --- [shopping] [main] j.LocalContainerEntityManagerFactoryBean : Initialized JPA EntityManagerFactory for persistence unit 'default'
2025-05-31T14:58:29.898+08:00  INFO 11788 --- [shopping] [main] o.s.d.j.r.query.QueryEnhancerFactory     : Hibernate is in classpath; If applicable, HQL parser will be used.
2025-05-31T14:58:30.228+08:00  WARN 11788 --- [shopping] [main] JpaBaseConfiguration$JpaWebConfiguration : spring.jpa.open-in-view is enabled by default. Therefore, database queries may be performed during view rendering. Explicitly configure spring.jpa.open-in-view to disable this warning
2025-05-31T14:58:30.506+08:00  INFO 11788 --- [shopping] [main] o.s.b.w.embedded.tomcat.TomcatWebServer  : Tomcat started on port 8080 (http) with context path '/'
2025-05-31T14:58:30.512+08:00  INFO 11788 --- [shopping] [main] com.example.demo.ShoppingApplication     : Started ShoppingApplication in 3.059 seconds (process running for 3.475)
2025-05-31T14:58:35.192+08:00  INFO 11788 --- [shopping] [http-nio-8080-exec-1] o.a.c.c.C.[Tomcat].[localhost].[/]       : Initializing Spring DispatcherServlet 'dispatcherServlet'
2025-05-31T14:58:35.192+08:00  INFO 11788 --- [shopping] [http-nio-8080-exec-1] o.s.web.servlet.DispatcherServlet        : Initializing Servlet 'dispatcherServlet'
2025-05-31T14:58:35.193+08:00  INFO 11788 --- [shopping] [http-nio-8080-exec-1] o.s.web.servlet.DispatcherServlet        : Completed initialization in 1 ms
2025-05-31T15:19:13.405+08:00  INFO 11788 --- [shopping] [RMI TCP Connection(31)-127.0.0.1] inMXBeanRegistrar$SpringApplicationAdmin : Application shutdown requested.
2025-05-31T15:19:13.407+08:00  INFO 11788 --- [shopping] [RMI TCP Connection(31)-127.0.0.1] o.s.b.w.e.tomcat.GracefulShutdown        : Commencing graceful shutdown. Waiting for active requests to complete
2025-05-31T15:19:13.410+08:00  INFO 11788 --- [shopping] [tomcat-shutdown] o.s.b.w.e.tomcat.GracefulShutdown        : Graceful shutdown complete
2025-05-31T15:19:13.414+08:00  INFO 11788 --- [shopping] [RMI TCP Connection(31)-127.0.0.1] j.LocalContainerEntityManagerFactoryBean : Closing JPA EntityManagerFactory for persistence unit 'default'
2025-05-31T15:19:13.416+08:00  INFO 11788 --- [shopping] [RMI TCP Connection(31)-127.0.0.1] com.zaxxer.hikari.HikariDataSource       : HikariPool-1 - Shutdown initiated...
2025-05-31T15:19:13.426+08:00  INFO 11788 --- [shopping] [RMI TCP Connection(31)-127.0.0.1] com.zaxxer.hikari.HikariDataSource       : HikariPool-1 - Shutdown completed.
2025-05-31T15:19:15.549+08:00  INFO 19712 --- [shopping] [main] com.example.demo.ShoppingApplication     : Starting ShoppingApplication using Java 21.0.6 with PID 19712 (D:\SOFT\workstation\shoppingProject\springboot\shopping\target\classes started by USER in D:\SOFT\workstation\shoppingProject\springboot\shopping)
2025-05-31T15:19:15.550+08:00  INFO 19712 --- [shopping] [main] com.example.demo.ShoppingApplication     : No active profile set, falling back to 1 default profile: "default"
2025-05-31T15:19:16.015+08:00  INFO 19712 --- [shopping] [main] .s.d.r.c.RepositoryConfigurationDelegate : Multiple Spring Data modules found, entering strict repository configuration mode
2025-05-31T15:19:16.016+08:00  INFO 19712 --- [shopping] [main] .s.d.r.c.RepositoryConfigurationDelegate : Bootstrapping Spring Data JDBC repositories in DEFAULT mode.
2025-05-31T15:19:16.050+08:00  INFO 19712 --- [shopping] [main] .RepositoryConfigurationExtensionSupport : Spring Data JDBC - Could not safely identify store assignment for repository candidate interface com.example.demo.repository.CartItemRepository; If you want this repository to be a JDBC repository, consider annotating your entities with one of these annotations: org.springframework.data.relational.core.mapping.Table.
2025-05-31T15:19:16.053+08:00  INFO 19712 --- [shopping] [main] .RepositoryConfigurationExtensionSupport : Spring Data JDBC - Could not safely identify store assignment for repository candidate interface com.example.demo.repository.CategoryRepository; If you want this repository to be a JDBC repository, consider annotating your entities with one of these annotations: org.springframework.data.relational.core.mapping.Table.
2025-05-31T15:19:16.054+08:00  INFO 19712 --- [shopping] [main] .RepositoryConfigurationExtensionSupport : Spring Data JDBC - Could not safely identify store assignment for repository candidate interface com.example.demo.repository.LoginLogRepository; If you want this repository to be a JDBC repository, consider annotating your entities with one of these annotations: org.springframework.data.relational.core.mapping.Table.
2025-05-31T15:19:16.055+08:00  INFO 19712 --- [shopping] [main] .RepositoryConfigurationExtensionSupport : Spring Data JDBC - Could not safely identify store assignment for repository candidate interface com.example.demo.repository.OrderRepository; If you want this repository to be a JDBC repository, consider annotating your entities with one of these annotations: org.springframework.data.relational.core.mapping.Table.
2025-05-31T15:19:16.057+08:00  INFO 19712 --- [shopping] [main] .RepositoryConfigurationExtensionSupport : Spring Data JDBC - Could not safely identify store assignment for repository candidate interface com.example.demo.repository.ProductRepository; If you want this repository to be a JDBC repository, consider annotating your entities with one of these annotations: org.springframework.data.relational.core.mapping.Table.
2025-05-31T15:19:16.058+08:00  INFO 19712 --- [shopping] [main] .RepositoryConfigurationExtensionSupport : Spring Data JDBC - Could not safely identify store assignment for repository candidate interface com.example.demo.repository.UserRepository; If you want this repository to be a JDBC repository, consider annotating your entities with one of these annotations: org.springframework.data.relational.core.mapping.Table.
2025-05-31T15:19:16.059+08:00  INFO 19712 --- [shopping] [main] .s.d.r.c.RepositoryConfigurationDelegate : Finished Spring Data repository scanning in 38 ms. Found 0 JDBC repository interfaces.
2025-05-31T15:19:16.068+08:00  INFO 19712 --- [shopping] [main] .s.d.r.c.RepositoryConfigurationDelegate : Multiple Spring Data modules found, entering strict repository configuration mode
2025-05-31T15:19:16.070+08:00  INFO 19712 --- [shopping] [main] .s.d.r.c.RepositoryConfigurationDelegate : Bootstrapping Spring Data JPA repositories in DEFAULT mode.
2025-05-31T15:19:16.101+08:00  INFO 19712 --- [shopping] [main] .s.d.r.c.RepositoryConfigurationDelegate : Finished Spring Data repository scanning in 26 ms. Found 6 JPA repository interfaces.
2025-05-31T15:19:16.453+08:00  INFO 19712 --- [shopping] [main] o.s.b.w.embedded.tomcat.TomcatWebServer  : Tomcat initialized with port 8080 (http)
2025-05-31T15:19:16.464+08:00  INFO 19712 --- [shopping] [main] o.apache.catalina.core.StandardService   : Starting service [Tomcat]
2025-05-31T15:19:16.464+08:00  INFO 19712 --- [shopping] [main] o.apache.catalina.core.StandardEngine    : Starting Servlet engine: [Apache Tomcat/10.1.40]
2025-05-31T15:19:16.497+08:00  INFO 19712 --- [shopping] [main] o.a.c.c.C.[Tomcat].[localhost].[/]       : Initializing Spring embedded WebApplicationContext
2025-05-31T15:19:16.498+08:00  INFO 19712 --- [shopping] [main] w.s.c.ServletWebServerApplicationContext : Root WebApplicationContext: initialization completed in 920 ms
2025-05-31T15:19:16.613+08:00  INFO 19712 --- [shopping] [main] o.hibernate.jpa.internal.util.LogHelper  : HHH000204: Processing PersistenceUnitInfo [name: default]
2025-05-31T15:19:16.648+08:00  INFO 19712 --- [shopping] [main] org.hibernate.Version                    : HHH000412: Hibernate ORM core version 6.6.13.Final
2025-05-31T15:19:16.670+08:00  INFO 19712 --- [shopping] [main] o.h.c.internal.RegionFactoryInitiator    : HHH000026: Second-level cache disabled
2025-05-31T15:19:16.855+08:00  INFO 19712 --- [shopping] [main] o.s.o.j.p.SpringPersistenceUnitInfo      : No LoadTimeWeaver setup: ignoring JPA class transformer
2025-05-31T15:19:16.878+08:00  INFO 19712 --- [shopping] [main] com.zaxxer.hikari.HikariDataSource       : HikariPool-1 - Starting...
2025-05-31T15:19:16.988+08:00  INFO 19712 --- [shopping] [main] com.zaxxer.hikari.pool.HikariPool        : HikariPool-1 - Added connection com.mysql.cj.jdbc.ConnectionImpl@7e50eeb9
2025-05-31T15:19:16.990+08:00  INFO 19712 --- [shopping] [main] com.zaxxer.hikari.HikariDataSource       : HikariPool-1 - Start completed.
2025-05-31T15:19:17.017+08:00  WARN 19712 --- [shopping] [main] org.hibernate.orm.deprecation            : HHH90000025: MySQL8Dialect does not need to be specified explicitly using 'hibernate.dialect' (remove the property setting and it will be selected by default)
2025-05-31T15:19:17.018+08:00  WARN 19712 --- [shopping] [main] org.hibernate.orm.deprecation            : HHH90000026: MySQL8Dialect has been deprecated; use org.hibernate.dialect.MySQLDialect instead
2025-05-31T15:19:17.029+08:00  INFO 19712 --- [shopping] [main] org.hibernate.orm.connections.pooling    : HHH10001005: Database info:
	Database JDBC URL [Connecting through datasource 'HikariDataSource (HikariPool-1)']
	Database driver: undefined/unknown
	Database version: 8.0
	Autocommit mode: undefined/unknown
	Isolation level: undefined/unknown
	Minimum pool size: undefined/unknown
	Maximum pool size: undefined/unknown
2025-05-31T15:19:17.680+08:00  INFO 19712 --- [shopping] [main] o.h.e.t.j.p.i.JtaPlatformInitiator       : HHH000489: No JTA platform available (set 'hibernate.transaction.jta.platform' to enable JTA platform integration)
2025-05-31T15:19:17.745+08:00  INFO 19712 --- [shopping] [main] j.LocalContainerEntityManagerFactoryBean : Initialized JPA EntityManagerFactory for persistence unit 'default'
2025-05-31T15:19:17.925+08:00  INFO 19712 --- [shopping] [main] o.s.d.j.r.query.QueryEnhancerFactory     : Hibernate is in classpath; If applicable, HQL parser will be used.
2025-05-31T15:19:18.316+08:00  WARN 19712 --- [shopping] [main] JpaBaseConfiguration$JpaWebConfiguration : spring.jpa.open-in-view is enabled by default. Therefore, database queries may be performed during view rendering. Explicitly configure spring.jpa.open-in-view to disable this warning
2025-05-31T15:19:18.623+08:00  INFO 19712 --- [shopping] [main] o.s.b.w.embedded.tomcat.TomcatWebServer  : Tomcat started on port 8080 (http) with context path '/'
2025-05-31T15:19:18.629+08:00  INFO 19712 --- [shopping] [main] com.example.demo.ShoppingApplication     : Started ShoppingApplication in 3.348 seconds (process running for 3.76)
2025-05-31T15:19:20.463+08:00  INFO 19712 --- [shopping] [RMI TCP Connection(2)-127.0.0.1] inMXBeanRegistrar$SpringApplicationAdmin : Application shutdown requested.
2025-05-31T15:19:20.465+08:00  INFO 19712 --- [shopping] [RMI TCP Connection(2)-127.0.0.1] o.s.b.w.e.tomcat.GracefulShutdown        : Commencing graceful shutdown. Waiting for active requests to complete
2025-05-31T15:19:20.467+08:00  INFO 19712 --- [shopping] [tomcat-shutdown] o.s.b.w.e.tomcat.GracefulShutdown        : Graceful shutdown complete
2025-05-31T15:19:20.469+08:00  INFO 19712 --- [shopping] [RMI TCP Connection(2)-127.0.0.1] j.LocalContainerEntityManagerFactoryBean : Closing JPA EntityManagerFactory for persistence unit 'default'
2025-05-31T15:19:20.471+08:00  INFO 19712 --- [shopping] [RMI TCP Connection(2)-127.0.0.1] com.zaxxer.hikari.HikariDataSource       : HikariPool-1 - Shutdown initiated...
2025-05-31T15:19:20.478+08:00  INFO 19712 --- [shopping] [RMI TCP Connection(2)-127.0.0.1] com.zaxxer.hikari.HikariDataSource       : HikariPool-1 - Shutdown completed.
